<?xml version="1.0" encoding="UTF-8"?>
<testsuite name="TestFunctions" tests="2" skipped="0" failures="0" errors="0" timestamp="2023-05-04T18:52:39" hostname="MacBook-Air-Stanislav.local" time="0.013">
  <properties/>
  <testcase name="testGcd()" classname="TestFunctions" time="0.011"/>
  <testcase name="testLcm()" classname="TestFunctions" time="0.001"/>
  <system-out><![CDATA[]]></system-out>
  <system-err><![CDATA[]]></system-err>
</testsuite>
